[STEP] [2023-07-27 18:53:00] Initializing restore process
[STEP] [2023-07-27 18:53:02] Looking for PHP CLI executable file.
[WARN] [2023-07-27 18:53:02] Could not find proper PHP CLI executable, this process may be unstable.
[SUCCESS] [2023-07-27 18:53:02] Restore process responded
[SUCCESS] [2023-07-27 18:53:02] Locking migration process
[STEP] [2023-07-27 18:53:02] Initializing restore process
[INFO] [2023-07-27 18:53:02] Backup & Migration version: 1.2.9
[INFO] [2023-07-27 18:53:02] Initializing custom error handler
[INFO] [2023-07-27 18:53:02] Site which will be restored: http://localhost/tenryu
[INFO] [2023-07-27 18:53:02] PHP Version: 8.2.4
[INFO] [2023-07-27 18:53:02] WP Version: 6.2.2
[INFO] [2023-07-27 18:53:02] MySQL Version: 10.4.28
[INFO] [2023-07-27 18:53:02] MySQL Max Length: 1048576
[INFO] [2023-07-27 18:53:02] Web server: Apache/2.4.56 (Win64) OpenSSL/1.1.1t PHP/8.2.4
[INFO] [2023-07-27 18:53:02] Max execution time (in seconds): 1200
[INFO] [2023-07-27 18:53:02] Memory limit (server): 512M
[INFO] [2023-07-27 18:53:02] Memory limit (wp-config): 40M
[INFO] [2023-07-27 18:53:02] Memory limit (wp-config admin): 512M
[SUCCESS] [2023-07-27 18:53:02] Restore process initialized successfully.
[STEP] [2023-07-27 18:53:02] Free space checking...
[INFO] [2023-07-27 18:53:02] Checking if there is enough amount of free space
[INFO] [2023-07-27 18:53:02] Requires at least 27167663 bytes. [25.91 MB]
[INFO] [2023-07-27 18:53:02] Disk free space function is not disabled - using it...
[INFO] [2023-07-27 18:53:02] Checking this path/partition: C:\xampp\htdocs\tenryu\wp-content\backup-migration\backups
[SUCCESS] [2023-07-27 18:53:02] There is 206,713.54 MB free. [201.87 GB]
[SUCCESS] [2023-07-27 18:53:02] Great! We have enough space.
[SUCCESS] [2023-07-27 18:53:02] Confirmed, there is enough space on the device, checked: 27167663 bytes.
[STEP] [2023-07-27 18:53:02] Making new secret key for current restore process.
[SUCCESS] [2023-07-27 18:53:02] Secret key generated, it will be returned to you (ping).
[INFO] [2023-07-27 18:53:02] Secret key detected successfully (pong)!
[INFO] [2023-07-27 18:53:02] Making temporary directory
[STEP] [2023-07-27 18:53:02] Scanning archive...
[INFO] [2023-07-27 18:53:03] Scan found 1048 files inside the backup.
[STEP] [2023-07-27 18:53:03] Preparing batching technique for extraction...
[INFO] [2023-07-27 18:53:03] Files exported per batch: 100
[INFO] [2023-07-27 18:53:03] ZipArchive is not available, using PclZIP.
[STEP] [2023-07-27 18:53:03] Smart memory calculation...
[INFO] [2023-07-27 18:53:03] There is 512 MBs of memory to use
[SUCCESS] [2023-07-27 18:53:03] Setting the safe limit to 83 MB
[INFO] [2023-07-27 18:53:04] Extraction milestone: 101/1049 (9.63%)
[INFO] [2023-07-27 18:53:04] Extraction milestone: 201/1049 (19.16%)
[INFO] [2023-07-27 18:53:05] Extraction milestone: 301/1049 (28.69%)
[INFO] [2023-07-27 18:53:06] Extraction milestone: 401/1049 (38.23%)
[INFO] [2023-07-27 18:53:07] Extraction milestone: 501/1049 (47.76%)
[INFO] [2023-07-27 18:53:08] Extraction milestone: 601/1049 (57.29%)
[INFO] [2023-07-27 18:53:09] Extraction milestone: 701/1049 (66.83%)
[INFO] [2023-07-27 18:53:09] Extraction milestone: 801/1049 (76.36%)
[INFO] [2023-07-27 18:53:10] Extraction milestone: 901/1049 (85.89%)
[INFO] [2023-07-27 18:53:11] Extraction milestone: 1001/1049 (95.42%)
[INFO] [2023-07-27 18:53:12] Extraction milestone: 1049/1049 (100.00%)
[SUCCESS] [2023-07-27 18:53:12] Files extracted...
[STEP] [2023-07-27 18:53:12] Saving wp-config file...
[SUCCESS] [2023-07-27 18:53:12] File wp-config saved
[STEP] [2023-07-27 18:53:13] Getting backup manifest...
[SUCCESS] [2023-07-27 18:53:13] Manifest loaded
[INFO] [2023-07-27 18:53:13] Backup Migration version used for that backup: 1.2.9
[STEP] [2023-07-27 18:53:13] Restoring files (this process may take a while)...
[SUCCESS] [2023-07-27 18:53:14] All files restored successfully.
[INFO] [2023-07-27 18:53:15] Splitting process is disabled because v3 restore engine is enabled.
[STEP] [2023-07-27 18:53:15] Checking the database structure...
[INFO] [2023-07-27 18:53:15] Successfully detected backup created with v3 engine, importing...
[STEP] [2023-07-27 18:53:15] Restoring database (using v4 engine)...
[STEP] [2023-07-27 18:53:15] Started restoration of wp_commentmeta 1/13 (7.69%) table
[INFO] [2023-07-27 18:53:15] Progress of wp_commentmeta: 1/2 (50.00%)
[INFO] [2023-07-27 18:53:15] Progress of wp_commentmeta: 2/2 (100.00%)
[SUCCESS] [2023-07-27 18:53:15] Table wp_commentmeta restoration took 0.94950 seconds
[STEP] [2023-07-27 18:53:16] Started restoration of wp_comments 2/13 (15.38%) table
[INFO] [2023-07-27 18:53:16] Progress of wp_comments: 1/3 (33.33%)
[INFO] [2023-07-27 18:53:16] Progress of wp_comments: 2/3 (66.67%)
[INFO] [2023-07-27 18:53:17] Progress of wp_comments: 3/3 (100.00%)
[SUCCESS] [2023-07-27 18:53:17] Table wp_comments restoration took 1.03913 seconds
[STEP] [2023-07-27 18:53:17] Started restoration of wp_links 3/13 (23.08%) table
[INFO] [2023-07-27 18:53:17] Progress of wp_links: 1/2 (50.00%)
[INFO] [2023-07-27 18:53:17] Progress of wp_links: 2/2 (100.00%)
[SUCCESS] [2023-07-27 18:53:17] Table wp_links restoration took 0.74133 seconds
[STEP] [2023-07-27 18:53:18] Started restoration of wp_options 4/13 (30.77%) table
[INFO] [2023-07-27 18:53:18] Progress of wp_options: 1/3 (33.33%)
[INFO] [2023-07-27 18:53:18] Progress of wp_options: 2/3 (66.67%)
[INFO] [2023-07-27 18:53:18] Progress of wp_options: 3/3 (100.00%)
[SUCCESS] [2023-07-27 18:53:18] Table wp_options restoration took 0.89056 seconds
[STEP] [2023-07-27 18:53:19] Started restoration of wp_postmeta 5/13 (38.46%) table
[INFO] [2023-07-27 18:53:19] Progress of wp_postmeta: 1/3 (33.33%)
[INFO] [2023-07-27 18:53:19] Progress of wp_postmeta: 2/3 (66.67%)
[INFO] [2023-07-27 18:53:19] Progress of wp_postmeta: 3/3 (100.00%)
[SUCCESS] [2023-07-27 18:53:19] Table wp_postmeta restoration took 0.99100 seconds
[STEP] [2023-07-27 18:53:20] Started restoration of wp_posts 6/13 (46.15%) table
[INFO] [2023-07-27 18:53:20] Progress of wp_posts: 1/3 (33.33%)
[INFO] [2023-07-27 18:53:20] Progress of wp_posts: 2/3 (66.67%)
[INFO] [2023-07-27 18:53:21] Progress of wp_posts: 3/3 (100.00%)
[SUCCESS] [2023-07-27 18:53:21] Table wp_posts restoration took 1.60941 seconds
[STEP] [2023-07-27 18:53:22] Started restoration of wp_term_relationships 7/13 (53.85%) table
[INFO] [2023-07-27 18:53:22] Progress of wp_term_relationships: 1/3 (33.33%)
[INFO] [2023-07-27 18:53:24] Progress of wp_term_relationships: 2/3 (66.67%)
[INFO] [2023-07-27 18:53:27] Progress of wp_term_relationships: 3/3 (100.00%)
[SUCCESS] [2023-07-27 18:53:27] Table wp_term_relationships restoration took 5.31645 seconds
